<?xml version="1.0" encoding="UTF-8"?>
<testsuite xmlns:xsi="http://www.w3.org/2001/XMLSchema-instance" xsi:noNamespaceSchemaLocation="https://maven.apache.org/surefire/maven-surefire-plugin/xsd/surefire-test-report-3.0.xsd" version="3.0" name="com.example.ttwebzaim.services.StopFactorServiceTest" time="6.149" tests="3" errors="0" skipped="0" failures="0">
  <properties>
[...]
</properties>
  <testcase name="testGenerateWord" classname="com.example.ttwebzaim.services.StopFactorServiceTest" time="0.437">
    <system-out><![CDATA[13:31:24.944 [main] INFO org.springframework.test.context.support.AnnotationConfigContextLoaderUtils -- Could not detect default configuration classes for test class [com.example.ttwebzaim.services.StopFactorServiceTest]: StopFactorServiceTest does not declare any static, non-private, non-final, nested classes annotated with @Configuration.
13:31:25.130 [main] INFO org.springframework.boot.test.context.SpringBootTestContextBootstrapper -- Found @SpringBootConfiguration com.example.ttwebzaim.TtWebZaimApplication for test class com.example.ttwebzaim.services.StopFactorServiceTest

  .   ____          _            __ _ _
 /\\ / ___'_ __ _ _(_)_ __  __ _ \ \ \ \
( ( )\___ | '_ | '_| | '_ \/ _` | \ \ \ \
 \\/  ___)| |_)| | | | | || (_| |  ) ) ) )
  '  |____| .__|_| |_|_| |_\__, | / / / /
 =========|_|==============|___/=/_/_/_/

 :: Spring Boot ::                (v3.3.4)

2024-10-07T13:31:25.735+07:00  INFO 35666 --- [ttWebZaim] [           main] c.e.t.services.StopFactorServiceTest     : Starting StopFactorServiceTest using Java 21.0.4 with PID 35666 (started by ivan in /home/ivan/Документы/projects/ttWebZaim)
2024-10-07T13:31:25.739+07:00  INFO 35666 --- [ttWebZaim] [           main] c.e.t.services.StopFactorServiceTest     : No active profile set, falling back to 1 default profile: "default"
2024-10-07T13:31:26.623+07:00  INFO 35666 --- [ttWebZaim] [           main] .s.d.r.c.RepositoryConfigurationDelegate : Bootstrapping Spring Data JPA repositories in DEFAULT mode.
2024-10-07T13:31:26.706+07:00  INFO 35666 --- [ttWebZaim] [           main] .s.d.r.c.RepositoryConfigurationDelegate : Finished Spring Data repository scanning in 71 ms. Found 7 JPA repository interfaces.
2024-10-07T13:31:27.443+07:00  INFO 35666 --- [ttWebZaim] [           main] com.zaxxer.hikari.HikariDataSource       : HikariPool-1 - Starting...
2024-10-07T13:31:27.631+07:00  INFO 35666 --- [ttWebZaim] [           main] com.zaxxer.hikari.pool.HikariPool        : HikariPool-1 - Added connection org.postgresql.jdbc.PgConnection@4cdba2ed
2024-10-07T13:31:27.632+07:00  INFO 35666 --- [ttWebZaim] [           main] com.zaxxer.hikari.HikariDataSource       : HikariPool-1 - Start completed.
2024-10-07T13:31:27.664+07:00  INFO 35666 --- [ttWebZaim] [           main] org.flywaydb.core.FlywayExecutor         : Database: jdbc:postgresql://localhost:5432/webzaim (PostgreSQL 14.13)
2024-10-07T13:31:27.717+07:00  INFO 35666 --- [ttWebZaim] [           main] o.f.core.internal.command.DbValidate     : Successfully validated 2 migrations (execution time 00:00.031s)
2024-10-07T13:31:27.763+07:00  INFO 35666 --- [ttWebZaim] [           main] o.f.core.internal.command.DbMigrate      : Current version of schema "public": 2
2024-10-07T13:31:27.765+07:00  INFO 35666 --- [ttWebZaim] [           main] o.f.core.internal.command.DbMigrate      : Schema "public" is up to date. No migration necessary.
2024-10-07T13:31:27.916+07:00  INFO 35666 --- [ttWebZaim] [           main] o.hibernate.jpa.internal.util.LogHelper  : HHH000204: Processing PersistenceUnitInfo [name: default]
2024-10-07T13:31:27.964+07:00  INFO 35666 --- [ttWebZaim] [           main] org.hibernate.Version                    : HHH000412: Hibernate ORM core version 6.5.3.Final
2024-10-07T13:31:27.993+07:00  INFO 35666 --- [ttWebZaim] [           main] o.h.c.internal.RegionFactoryInitiator    : HHH000026: Second-level cache disabled
2024-10-07T13:31:28.250+07:00  INFO 35666 --- [ttWebZaim] [           main] o.s.o.j.p.SpringPersistenceUnitInfo      : No LoadTimeWeaver setup: ignoring JPA class transformer
2024-10-07T13:31:29.152+07:00  INFO 35666 --- [ttWebZaim] [           main] o.h.e.t.j.p.i.JtaPlatformInitiator       : HHH000489: No JTA platform available (set 'hibernate.transaction.jta.platform' to enable JTA platform integration)
2024-10-07T13:31:29.154+07:00  INFO 35666 --- [ttWebZaim] [           main] j.LocalContainerEntityManagerFactoryBean : Initialized JPA EntityManagerFactory for persistence unit 'default'
2024-10-07T13:31:29.674+07:00  WARN 35666 --- [ttWebZaim] [           main] JpaBaseConfiguration$JpaWebConfiguration : spring.jpa.open-in-view is enabled by default. Therefore, database queries may be performed during view rendering. Explicitly configure spring.jpa.open-in-view to disable this warning
2024-10-07T13:31:30.080+07:00  INFO 35666 --- [ttWebZaim] [           main] c.e.t.services.StopFactorServiceTest     : Started StopFactorServiceTest in 4.76 seconds (process running for 6.265)
2024-10-07T13:31:30.246+07:00  INFO 35666 --- [ttWebZaim] [           main] c.e.t.services.StopFactorService         : distanceRatioThreshold: 0.9
2024-10-07T13:31:30.247+07:00  INFO 35666 --- [ttWebZaim] [           main] c.e.t.services.StopFactorService         : Создание пар: OgadaIsaac
2024-10-07T13:31:30.247+07:00  INFO 35666 --- [ttWebZaim] [           main] c.e.t.services.StopFactorService         : Создание пар: OgadaAbraham
2024-10-07T13:31:30.247+07:00  INFO 35666 --- [ttWebZaim] [           main] c.e.t.services.StopFactorService         : Создание пар: OgadaSamuel
2024-10-07T13:31:30.247+07:00  INFO 35666 --- [ttWebZaim] [           main] c.e.t.services.StopFactorService         : Создание пар: IsaacAbraham
2024-10-07T13:31:30.248+07:00  INFO 35666 --- [ttWebZaim] [           main] c.e.t.services.StopFactorService         : Создание пар: IsaacSamuel
2024-10-07T13:31:30.248+07:00  INFO 35666 --- [ttWebZaim] [           main] c.e.t.services.StopFactorService         : Создание пар: AbrahamSamuel
2024-10-07T13:31:30.248+07:00  INFO 35666 --- [ttWebZaim] [           main] c.e.t.services.StopFactorService         : Создание пар: ISAACABRAHAM
2024-10-07T13:31:30.248+07:00  INFO 35666 --- [ttWebZaim] [           main] c.e.t.services.StopFactorService         : Создание пар: ISAACSAMUEL
2024-10-07T13:31:30.248+07:00  INFO 35666 --- [ttWebZaim] [           main] c.e.t.services.StopFactorService         : Создание пар: ISAACOGADA
2024-10-07T13:31:30.248+07:00  INFO 35666 --- [ttWebZaim] [           main] c.e.t.services.StopFactorService         : Создание пар: ABRAHAMSAMUEL
2024-10-07T13:31:30.248+07:00  INFO 35666 --- [ttWebZaim] [           main] c.e.t.services.StopFactorService         : Создание пар: ABRAHAMOGADA
2024-10-07T13:31:30.249+07:00  INFO 35666 --- [ttWebZaim] [           main] c.e.t.services.StopFactorService         : Создание пар: SAMUELOGADA
2024-10-07T13:31:30.249+07:00  INFO 35666 --- [ttWebZaim] [           main] c.e.t.services.StopFactorService         : Сгенерированные пары для regPerson: [OgadaIsaac, OgadaAbraham, OgadaSamuel, IsaacAbraham, IsaacSamuel, AbrahamSamuel]
2024-10-07T13:31:30.249+07:00  INFO 35666 --- [ttWebZaim] [           main] c.e.t.services.StopFactorService         : Сгенерированные пары для verifiedName: [ISAACABRAHAM, ISAACSAMUEL, ISAACOGADA, ABRAHAMSAMUEL, ABRAHAMOGADA, SAMUELOGADA]
2024-10-07T13:31:30.250+07:00  INFO 35666 --- [ttWebZaim] [           main] c.e.t.services.StopFactorService         : Расстояние между 'OgadaIsaac' and 'ISAACABRAHAM': 12
2024-10-07T13:31:30.250+07:00  INFO 35666 --- [ttWebZaim] [           main] c.e.t.services.StopFactorService         : Расстояние между 'OgadaIsaac' and 'ISAACSAMUEL': 11
2024-10-07T13:31:30.250+07:00  INFO 35666 --- [ttWebZaim] [           main] c.e.t.services.StopFactorService         : Расстояние между 'OgadaIsaac' and 'ISAACOGADA': 10
2024-10-07T13:31:30.251+07:00  INFO 35666 --- [ttWebZaim] [           main] c.e.t.services.StopFactorService         : Расстояние между 'OgadaIsaac' and 'ABRAHAMSAMUEL': 13
2024-10-07T13:31:30.251+07:00  INFO 35666 --- [ttWebZaim] [           main] c.e.t.services.StopFactorService         : Расстояние между 'OgadaIsaac' and 'ABRAHAMOGADA': 12
2024-10-07T13:31:30.251+07:00  INFO 35666 --- [ttWebZaim] [           main] c.e.t.services.StopFactorService         : Расстояние между 'OgadaIsaac' and 'SAMUELOGADA': 11
2024-10-07T13:31:30.251+07:00  INFO 35666 --- [ttWebZaim] [           main] c.e.t.services.StopFactorService         : Расстояние между 'OgadaAbraham' and 'ISAACABRAHAM': 11
2024-10-07T13:31:30.251+07:00  INFO 35666 --- [ttWebZaim] [           main] c.e.t.services.StopFactorService         : Расстояние между 'OgadaAbraham' and 'ISAACSAMUEL': 12
2024-10-07T13:31:30.251+07:00  INFO 35666 --- [ttWebZaim] [           main] c.e.t.services.StopFactorService         : Расстояние между 'OgadaAbraham' and 'ISAACOGADA': 11
2024-10-07T13:31:30.252+07:00  INFO 35666 --- [ttWebZaim] [           main] c.e.t.services.StopFactorService         : Расстояние между 'OgadaAbraham' and 'ABRAHAMSAMUEL': 12
2024-10-07T13:31:30.252+07:00  INFO 35666 --- [ttWebZaim] [           main] c.e.t.services.StopFactorService         : Расстояние между 'OgadaAbraham' and 'ABRAHAMOGADA': 11
2024-10-07T13:31:30.252+07:00  INFO 35666 --- [ttWebZaim] [           main] c.e.t.services.StopFactorService         : Расстояние между 'OgadaAbraham' and 'SAMUELOGADA': 12
2024-10-07T13:31:30.252+07:00  INFO 35666 --- [ttWebZaim] [           main] c.e.t.services.StopFactorService         : Расстояние между 'OgadaSamuel' and 'ISAACABRAHAM': 12
2024-10-07T13:31:30.252+07:00  INFO 35666 --- [ttWebZaim] [           main] c.e.t.services.StopFactorService         : Расстояние между 'OgadaSamuel' and 'ISAACSAMUEL': 10
2024-10-07T13:31:30.252+07:00  INFO 35666 --- [ttWebZaim] [           main] c.e.t.services.StopFactorService         : Расстояние между 'OgadaSamuel' and 'ISAACOGADA': 11
2024-10-07T13:31:30.252+07:00  INFO 35666 --- [ttWebZaim] [           main] c.e.t.services.StopFactorService         : Расстояние между 'OgadaSamuel' and 'ABRAHAMSAMUEL': 12
2024-10-07T13:31:30.253+07:00  INFO 35666 --- [ttWebZaim] [           main] c.e.t.services.StopFactorService         : Расстояние между 'OgadaSamuel' and 'ABRAHAMOGADA': 12
2024-10-07T13:31:30.253+07:00  INFO 35666 --- [ttWebZaim] [           main] c.e.t.services.StopFactorService         : Расстояние между 'OgadaSamuel' and 'SAMUELOGADA': 11
2024-10-07T13:31:30.253+07:00  INFO 35666 --- [ttWebZaim] [           main] c.e.t.services.StopFactorService         : Расстояние между 'IsaacAbraham' and 'ISAACABRAHAM': 10
2024-10-07T13:31:30.253+07:00  INFO 35666 --- [ttWebZaim] [           main] c.e.t.services.StopFactorService         : Расстояние между 'IsaacAbraham' and 'ISAACSAMUEL': 11
2024-10-07T13:31:30.253+07:00  INFO 35666 --- [ttWebZaim] [           main] c.e.t.services.StopFactorService         : Расстояние между 'IsaacAbraham' and 'ISAACOGADA': 10
2024-10-07T13:31:30.253+07:00  INFO 35666 --- [ttWebZaim] [           main] c.e.t.services.StopFactorService         : Расстояние между 'IsaacAbraham' and 'ABRAHAMSAMUEL': 12
2024-10-07T13:31:30.254+07:00  INFO 35666 --- [ttWebZaim] [           main] c.e.t.services.StopFactorService         : Расстояние между 'IsaacAbraham' and 'ABRAHAMOGADA': 11
2024-10-07T13:31:30.254+07:00  INFO 35666 --- [ttWebZaim] [           main] c.e.t.services.StopFactorService         : Расстояние между 'IsaacAbraham' and 'SAMUELOGADA': 12
2024-10-07T13:31:30.254+07:00  INFO 35666 --- [ttWebZaim] [           main] c.e.t.services.StopFactorService         : Расстояние между 'IsaacSamuel' and 'ISAACABRAHAM': 11
2024-10-07T13:31:30.254+07:00  INFO 35666 --- [ttWebZaim] [           main] c.e.t.services.StopFactorService         : Расстояние между 'IsaacSamuel' and 'ISAACSAMUEL': 9
2024-10-07T13:31:30.254+07:00  INFO 35666 --- [ttWebZaim] [           main] c.e.t.services.StopFactorService         : Расстояние между 'IsaacSamuel' and 'ISAACOGADA': 10
2024-10-07T13:31:30.254+07:00  INFO 35666 --- [ttWebZaim] [           main] c.e.t.services.StopFactorService         : Расстояние между 'IsaacSamuel' and 'ABRAHAMSAMUEL': 12
2024-10-07T13:31:30.255+07:00  INFO 35666 --- [ttWebZaim] [           main] c.e.t.services.StopFactorService         : Расстояние между 'IsaacSamuel' and 'ABRAHAMOGADA': 12
2024-10-07T13:31:30.255+07:00  INFO 35666 --- [ttWebZaim] [           main] c.e.t.services.StopFactorService         : Расстояние между 'IsaacSamuel' and 'SAMUELOGADA': 11
2024-10-07T13:31:30.255+07:00  INFO 35666 --- [ttWebZaim] [           main] c.e.t.services.StopFactorService         : Расстояние между 'AbrahamSamuel' and 'ISAACABRAHAM': 13
2024-10-07T13:31:30.255+07:00  INFO 35666 --- [ttWebZaim] [           main] c.e.t.services.StopFactorService         : Расстояние между 'AbrahamSamuel' and 'ISAACSAMUEL': 12
2024-10-07T13:31:30.255+07:00  INFO 35666 --- [ttWebZaim] [           main] c.e.t.services.StopFactorService         : Расстояние между 'AbrahamSamuel' and 'ISAACOGADA': 13
2024-10-07T13:31:30.255+07:00  INFO 35666 --- [ttWebZaim] [           main] c.e.t.services.StopFactorService         : Расстояние между 'AbrahamSamuel' and 'ABRAHAMSAMUEL': 11
2024-10-07T13:31:30.255+07:00  INFO 35666 --- [ttWebZaim] [           main] c.e.t.services.StopFactorService         : Расстояние между 'AbrahamSamuel' and 'ABRAHAMOGADA': 12
2024-10-07T13:31:30.256+07:00  INFO 35666 --- [ttWebZaim] [           main] c.e.t.services.StopFactorService         : Расстояние между 'AbrahamSamuel' and 'SAMUELOGADA': 13
2024-10-07T13:31:30.256+07:00  INFO 35666 --- [ttWebZaim] [           main] c.e.t.services.StopFactorService         : Найденное максимальное расстояние Левенштейна: 13.0
stop factor: false
2024-10-07T13:31:30.264+07:00  INFO 35666 --- [ttWebZaim] [           main] c.e.t.services.StopFactorService         : distanceRatioThreshold: 0.9
2024-10-07T13:31:30.265+07:00  INFO 35666 --- [ttWebZaim] [           main] c.e.t.services.StopFactorService         : Создание пар: SolomonAwich
2024-10-07T13:31:30.265+07:00  INFO 35666 --- [ttWebZaim] [           main] c.e.t.services.StopFactorService         : Создание пар: SOLOMONRAORE
2024-10-07T13:31:30.265+07:00  INFO 35666 --- [ttWebZaim] [           main] c.e.t.services.StopFactorService         : Создание пар: SOLOMONAWICH
2024-10-07T13:31:30.265+07:00  INFO 35666 --- [ttWebZaim] [           main] c.e.t.services.StopFactorService         : Создание пар: RAOREAWICH
2024-10-07T13:31:30.265+07:00  INFO 35666 --- [ttWebZaim] [           main] c.e.t.services.StopFactorService         : Сгенерированные пары для regPerson: [SolomonAwich]
2024-10-07T13:31:30.265+07:00  INFO 35666 --- [ttWebZaim] [           main] c.e.t.services.StopFactorService         : Сгенерированные пары для verifiedName: [SOLOMONRAORE, SOLOMONAWICH, RAOREAWICH]
2024-10-07T13:31:30.265+07:00  INFO 35666 --- [ttWebZaim] [           main] c.e.t.services.StopFactorService         : Расстояние между 'SolomonAwich' and 'SOLOMONRAORE': 11
2024-10-07T13:31:30.265+07:00  INFO 35666 --- [ttWebZaim] [           main] c.e.t.services.StopFactorService         : Расстояние между 'SolomonAwich' and 'SOLOMONAWICH': 10
2024-10-07T13:31:30.265+07:00  INFO 35666 --- [ttWebZaim] [           main] c.e.t.services.StopFactorService         : Расстояние между 'SolomonAwich' and 'RAOREAWICH': 11
2024-10-07T13:31:30.265+07:00  INFO 35666 --- [ttWebZaim] [           main] c.e.t.services.StopFactorService         : Найденное максимальное расстояние Левенштейна: 11.0
stop factor: false
2024-10-07T13:31:30.269+07:00  INFO 35666 --- [ttWebZaim] [           main] c.e.t.services.StopFactorService         : distanceRatioThreshold: 0.9
2024-10-07T13:31:30.270+07:00  INFO 35666 --- [ttWebZaim] [           main] c.e.t.services.StopFactorService         : Создание пар: FABIANOTIENO
2024-10-07T13:31:30.270+07:00  INFO 35666 --- [ttWebZaim] [           main] c.e.t.services.StopFactorService         : Создание пар: TERESAWAMUYU
2024-10-07T13:31:30.270+07:00  INFO 35666 --- [ttWebZaim] [           main] c.e.t.services.StopFactorService         : Создание пар: TERESATHERI
2024-10-07T13:31:30.270+07:00  INFO 35666 --- [ttWebZaim] [           main] c.e.t.services.StopFactorService         : Создание пар: WAMUYUTHERI
2024-10-07T13:31:30.270+07:00  INFO 35666 --- [ttWebZaim] [           main] c.e.t.services.StopFactorService         : Сгенерированные пары для regPerson: [FABIANOTIENO]
2024-10-07T13:31:30.270+07:00  INFO 35666 --- [ttWebZaim] [           main] c.e.t.services.StopFactorService         : Сгенерированные пары для verifiedName: [TERESAWAMUYU, TERESATHERI, WAMUYUTHERI]
2024-10-07T13:31:30.270+07:00  INFO 35666 --- [ttWebZaim] [           main] c.e.t.services.StopFactorService         : Расстояние между 'FABIANOTIENO' and 'TERESAWAMUYU': 12
2024-10-07T13:31:30.271+07:00  INFO 35666 --- [ttWebZaim] [           main] c.e.t.services.StopFactorService         : Расстояние между 'FABIANOTIENO' and 'TERESATHERI': 10
2024-10-07T13:31:30.271+07:00  INFO 35666 --- [ttWebZaim] [           main] c.e.t.services.StopFactorService         : Расстояние между 'FABIANOTIENO' and 'WAMUYUTHERI': 9
2024-10-07T13:31:30.271+07:00  INFO 35666 --- [ttWebZaim] [           main] c.e.t.services.StopFactorService         : Найденное максимальное расстояние Левенштейна: 12.0
stop factor: false
2024-10-07T13:31:30.710+07:00  INFO 35666 --- [ttWebZaim] [           main] c.e.t.services.StopFactorService         : Создание пар: AB
2024-10-07T13:31:30.710+07:00  INFO 35666 --- [ttWebZaim] [           main] c.e.t.services.StopFactorService         : Создание пар: AC
2024-10-07T13:31:30.710+07:00  INFO 35666 --- [ttWebZaim] [           main] c.e.t.services.StopFactorService         : Создание пар: AD
2024-10-07T13:31:30.710+07:00  INFO 35666 --- [ttWebZaim] [           main] c.e.t.services.StopFactorService         : Создание пар: BC
2024-10-07T13:31:30.710+07:00  INFO 35666 --- [ttWebZaim] [           main] c.e.t.services.StopFactorService         : Создание пар: BD
2024-10-07T13:31:30.710+07:00  INFO 35666 --- [ttWebZaim] [           main] c.e.t.services.StopFactorService         : Создание пар: CD
]]></system-out>
    <system-err><![CDATA[WARNING: A Java agent has been loaded dynamically (/home/ivan/.m2/repository/net/bytebuddy/byte-buddy-agent/1.14.19/byte-buddy-agent-1.14.19.jar)
WARNING: If a serviceability tool is in use, please run with -XX:+EnableDynamicAgentLoading to hide this warning
WARNING: If a serviceability tool is not in use, please run with -Djdk.instrument.traceUsage for more information
WARNING: Dynamic loading of agents will be disallowed by default in a future release
]]></system-err>
  </testcase>
  <testcase name="searchLevenshteinDistance" classname="com.example.ttwebzaim.services.StopFactorServiceTest" time="0.004">
    <system-out><![CDATA[2024-10-07T13:31:30.728+07:00  INFO 35666 --- [ttWebZaim] [           main] c.e.t.services.StopFactorService         : Расстояние между 'ISAAC ABRAHAM' and 'ABRAHAMOGADA': 10
2024-10-07T13:31:30.729+07:00  INFO 35666 --- [ttWebZaim] [           main] c.e.t.services.StopFactorService         : Расстояние между 'ISAAC ABRAHAM' and 'SAMUELOGADA': 9
]]></system-out>
  </testcase>
  <testcase name="searchStopFactor" classname="com.example.ttwebzaim.services.StopFactorServiceTest" time="0.004">
    <system-out><![CDATA[2024-10-07T13:31:30.733+07:00  INFO 35666 --- [ttWebZaim] [           main] c.e.t.services.StopFactorService         : Создание пар: ISAACABRAHAM
2024-10-07T13:31:30.733+07:00  INFO 35666 --- [ttWebZaim] [           main] c.e.t.services.StopFactorService         : Создание пар: ISAACABRAHAM
2024-10-07T13:31:30.733+07:00  INFO 35666 --- [ttWebZaim] [           main] c.e.t.services.StopFactorService         : Сгенерированные пары для regPerson: [ISAACABRAHAM]
2024-10-07T13:31:30.733+07:00  INFO 35666 --- [ttWebZaim] [           main] c.e.t.services.StopFactorService         : Сгенерированные пары для verifiedName: [ISAACABRAHAM]
2024-10-07T13:31:30.734+07:00  INFO 35666 --- [ttWebZaim] [           main] c.e.t.services.StopFactorService         : Расстояние между 'ISAACABRAHAM' and 'ISAACABRAHAM': 0
2024-10-07T13:31:30.734+07:00  INFO 35666 --- [ttWebZaim] [           main] c.e.t.services.StopFactorService         : Найденное максимальное расстояние Левенштейна: 0.0
]]></system-out>
  </testcase>
</testsuite>